21:34:33.648 [TestNG-tests-2] INFO  utils.Log - Called method <waitForElementToBeClickable> on element with locator :By.linkText: My account
21:34:33.916 [TestNG-tests-2] INFO  utils.Log - called method <Click()> on element :<a href="https://keyfood.ro/my-account-2/">My account</a>
21:34:34.472 [TestNG-tests-2] INFO  utils.Log - Called method <waitForElementToBeVisible> on element with locator :By.id: username
21:34:34.584 [TestNG-tests-2] INFO  utils.Log - called clear on method <sendkeys> on element <input type="text" class="woocommerce-Input woocommerce-Input--text input-text" name="username" id="username" autocomplete="username" value="">
21:34:34.613 [TestNG-tests-2] INFO  utils.Log - called sendkeys on method <sendkeys> on element <input type="text" class="woocommerce-Input woocommerce-Input--text input-text" name="username" id="username" autocomplete="username" value="" style="">
21:34:34.653 [TestNG-tests-2] INFO  utils.Log - Called method <waitForElementToBeVisible> on element with locator :By.id: password
21:34:34.733 [TestNG-tests-2] INFO  utils.Log - called clear on method <sendkeys> on element <input class="woocommerce-Input woocommerce-Input--text input-text" type="password" name="password" id="password" autocomplete="current-password">
21:34:34.757 [TestNG-tests-2] INFO  utils.Log - called sendkeys on method <sendkeys> on element <input class="woocommerce-Input woocommerce-Input--text input-text" type="password" name="password" id="password" autocomplete="current-password" style="">
21:34:34.791 [TestNG-tests-2] INFO  utils.Log - Called method <waitForElementToBeClickable> on element with locator :By.cssSelector: button[name='login']
21:34:34.858 [TestNG-tests-2] INFO  utils.Log - called method <Click()> on element :<button type="submit" class="woocommerce-button button woocommerce-form-login__submit" name="login" value="Log in">Log in</button>
21:34:35.821 [TestNG-tests-2] INFO  utils.Log - Called method <waitForElementToBeClickable> on element with locator :By.linkText: Log out
21:34:36.030 [TestNG-tests-2] INFO  utils.Log - called method <Click()> on element :<a href="https://keyfood.ro/my-account-2/customer-logout/?_wpnonce=6e8c9f2921">Log out</a>
21:34:36.978 [TestNG-tests-2] INFO  utils.Log - Called method <waitForElementToBeClickable> on element with locator :By.linkText: My account
21:34:37.124 [TestNG-tests-2] INFO  utils.Log - called method <Click()> on element :<a href="https://keyfood.ro/my-account-2/" aria-current="page">My account</a>
21:34:37.590 [TestNG-tests-2] INFO  utils.Log - Called method <waitForElementToBeVisible> on element with locator :By.id: username
21:34:37.683 [TestNG-tests-2] INFO  utils.Log - called clear on method <sendkeys> on element <input type="text" class="woocommerce-Input woocommerce-Input--text input-text" name="username" id="username" autocomplete="username" value="">
21:34:37.709 [TestNG-tests-2] INFO  utils.Log - called sendkeys on method <sendkeys> on element <input type="text" class="woocommerce-Input woocommerce-Input--text input-text" name="username" id="username" autocomplete="username" value="" style="">
21:34:37.746 [TestNG-tests-2] INFO  utils.Log - Called method <waitForElementToBeVisible> on element with locator :By.id: password
21:34:37.810 [TestNG-tests-2] INFO  utils.Log - called clear on method <sendkeys> on element <input class="woocommerce-Input woocommerce-Input--text input-text" type="password" name="password" id="password" autocomplete="current-password">
21:34:37.856 [TestNG-tests-2] INFO  utils.Log - called sendkeys on method <sendkeys> on element <input class="woocommerce-Input woocommerce-Input--text input-text" type="password" name="password" id="password" autocomplete="current-password" style="">
21:34:37.884 [TestNG-tests-2] INFO  utils.Log - Called method <waitForElementToBeClickable> on element with locator :By.cssSelector: button[name='login']
21:34:37.953 [TestNG-tests-2] INFO  utils.Log - called method <Click()> on element :<button type="submit" class="woocommerce-button button woocommerce-form-login__submit" name="login" value="Log in">Log in</button>
21:34:41.874 [TestNG-tests-1] INFO  utils.Log - Called method <waitForElementToBeVisible> on element with locator :By.id: dgwt-wcas-search-input-1
21:34:44.206 [TestNG-tests-1] INFO  utils.Log - called clear on method <sendkeys> on element <input id="dgwt-wcas-search-input-1" type="search" class="dgwt-wcas-search-input" name="s" value="" placeholder="Search for products..." autocomplete="off">
21:34:44.305 [TestNG-tests-1] INFO  utils.Log - called sendkeys on method <sendkeys> on element <input id="dgwt-wcas-search-input-1" type="search" class="dgwt-wcas-search-input" name="s" value="" placeholder="Search for products..." autocomplete="off">
21:34:44.926 [TestNG-tests-1] INFO  utils.Log - calling method <sendEnter>
21:34:47.143 [TestNG-tests-1] INFO  utils.Log - Called method <waitForElementToBeClickable> on element with locator :By.xpath: (//i[@class='klbth-icon-plus'])[1]
21:34:47.343 [TestNG-tests-1] INFO  utils.Log - called method <Click()> on element :<i class="klbth-icon-plus"></i>
21:34:49.036 [TestNG-tests-1] INFO  utils.Log - Called method <waitForElementToBeClickable> on element with locator :By.xpath: (//i[@class='klbth-icon-plus'])[1]
21:34:49.149 [TestNG-tests-1] INFO  utils.Log - called method <Click()> on element :<i class="klbth-icon-plus"></i>
21:34:49.186 [TestNG-tests-1] INFO  utils.Log - Called method <waitForElementToBeClickable> on element with locator :By.xpath: (//i[@class='klbth-icon-plus'])[1]
21:34:49.248 [TestNG-tests-1] INFO  utils.Log - called method <Click()> on element :<i class="klbth-icon-plus"></i>
21:34:49.268 [TestNG-tests-1] INFO  utils.Log - Called method <waitForElementToBeClickable> on element with locator :By.xpath: (//i[@class='klbth-icon-plus'])[1]
21:34:49.318 [TestNG-tests-1] INFO  utils.Log - called method <Click()> on element :<i class="klbth-icon-plus"></i>
21:34:49.373 [TestNG-tests-1] INFO  utils.Log - Called method <waitForElementToBeClickable> on element with locator :By.cssSelector: button[name='add-to-cart']
21:34:49.721 [TestNG-tests-1] INFO  utils.Log - called method <Click()> on element :<button type="submit" name="add-to-cart" value="312" class="single_add_to_cart_button button alt">Add to cart</button>
21:34:50.841 [TestNG-tests-1] INFO  utils.Log - Called method <waitForElementToBeClickable> on element with locator :By.linkText: CART
21:34:51.334 [TestNG-tests-1] INFO  utils.Log - called method <Click()> on element :<a href="https://keyfood.ro/cart-2/">Cart</a>
21:34:52.887 [TestNG-tests-1] INFO  utils.Log - Called method <waitForElementToBeClickable> on element with locator :By.linkText: Proceed to checkout
21:34:53.031 [TestNG-tests-1] INFO  utils.Log - called method <Click()> on element :<a href="https://keyfood.ro/checkout-2/" class="checkout-button button alt wc-forward">
	Proceed to checkout</a>
21:34:54.230 [TestNG-tests-1] INFO  utils.Log - Called method <waitForElementToBeClickable> on element with locator :By.id: terms
21:34:54.293 [TestNG-tests-1] INFO  utils.Log - called method <Click()> on element :<input type="checkbox" class="woocommerce-form__input woocommerce-form__input-checkbox input-checkbox" name="terms" id="terms">
21:34:54.508 [TestNG-tests-1] INFO  utils.Log - Called method <waitForElementToBeClickable> on element with locator :By.id: terms
21:34:54.557 [TestNG-tests-1] INFO  utils.Log - called method <Click()> on element :<input type="checkbox" class="woocommerce-form__input woocommerce-form__input-checkbox input-checkbox" name="terms" id="terms">
21:34:54.709 [TestNG-tests-1] INFO  utils.Log - Called method <waitForElementToBeClickable> on element with locator :By.id: place_order
21:34:54.927 [TestNG-tests-1] INFO  utils.Log - called method <Click()> on element :<button type="submit" class="button alt" name="woocommerce_checkout_place_order" id="place_order" value="Place order" data-value="Place order">Place order</button>
