21:28:50.368 [main] INFO  utils.Log - Called method <waitForElementToBeVisible> on element with locator :By.id: dgwt-wcas-search-input-1
21:28:52.591 [main] INFO  utils.Log - called clear on method <sendkeys> on element <input id="dgwt-wcas-search-input-1" type="search" class="dgwt-wcas-search-input" name="s" value="" placeholder="Search for products..." autocomplete="off">
21:28:52.665 [main] INFO  utils.Log - called sendkeys on method <sendkeys> on element <input id="dgwt-wcas-search-input-1" type="search" class="dgwt-wcas-search-input" name="s" value="" placeholder="Search for products..." autocomplete="off">
21:28:53.224 [main] INFO  utils.Log - calling method <sendEnter>
21:28:55.642 [main] INFO  utils.Log - Called method <waitForElementToBeClickable> on element with locator :By.xpath: (//i[@class='klbth-icon-plus'])[1]
21:28:55.878 [main] INFO  utils.Log - called method <Click()> on element :<i class="klbth-icon-plus"></i>
21:28:57.453 [main] INFO  utils.Log - Called method <waitForElementToBeClickable> on element with locator :By.xpath: (//i[@class='klbth-icon-plus'])[1]
21:28:57.689 [main] INFO  utils.Log - called method <Click()> on element :<i class="klbth-icon-plus"></i>
21:28:57.739 [main] INFO  utils.Log - Called method <waitForElementToBeClickable> on element with locator :By.xpath: (//i[@class='klbth-icon-plus'])[1]
21:28:57.799 [main] INFO  utils.Log - called method <Click()> on element :<i class="klbth-icon-plus"></i>
21:28:57.823 [main] INFO  utils.Log - Called method <waitForElementToBeClickable> on element with locator :By.xpath: (//i[@class='klbth-icon-plus'])[1]
21:28:57.873 [main] INFO  utils.Log - called method <Click()> on element :<i class="klbth-icon-plus"></i>
21:28:57.919 [main] INFO  utils.Log - Called method <waitForElementToBeClickable> on element with locator :By.cssSelector: button[name='add-to-cart']
21:28:58.120 [main] INFO  utils.Log - called method <Click()> on element :<button type="submit" name="add-to-cart" value="312" class="single_add_to_cart_button button alt">Add to cart</button>
21:28:59.839 [main] INFO  utils.Log - Called method <waitForElementToBeClickable> on element with locator :By.linkText: CART
21:29:00.323 [main] INFO  utils.Log - called method <Click()> on element :<a href="https://keyfood.ro/cart-2/">Cart</a>
21:29:01.475 [main] INFO  utils.Log - Called method <waitForElementToBeClickable> on element with locator :By.linkText: Proceed to checkout
21:29:01.639 [main] INFO  utils.Log - called method <Click()> on element :<a href="https://keyfood.ro/checkout-2/" class="checkout-button button alt wc-forward">
	Proceed to checkout</a>
21:29:03.131 [main] INFO  utils.Log - Called method <waitForElementToBeClickable> on element with locator :By.id: terms
21:29:03.211 [main] INFO  utils.Log - called method <Click()> on element :<input type="checkbox" class="woocommerce-form__input woocommerce-form__input-checkbox input-checkbox" name="terms" id="terms">
