21:32:20.645 [main] INFO  utils.Log - Called method <waitForElementToBeVisible> on element with locator :By.id: dgwt-wcas-search-input-1
21:32:22.808 [main] INFO  utils.Log - called clear on method <sendkeys> on element <input id="dgwt-wcas-search-input-1" type="search" class="dgwt-wcas-search-input" name="s" value="" placeholder="Search for products..." autocomplete="off">
21:32:22.891 [main] INFO  utils.Log - called sendkeys on method <sendkeys> on element <input id="dgwt-wcas-search-input-1" type="search" class="dgwt-wcas-search-input" name="s" value="" placeholder="Search for products..." autocomplete="off">
21:32:23.424 [main] INFO  utils.Log - calling method <sendEnter>
21:32:25.587 [main] INFO  utils.Log - Called method <waitForElementToBeClickable> on element with locator :By.xpath: (//i[@class='klbth-icon-plus'])[1]
21:32:25.799 [main] INFO  utils.Log - called method <Click()> on element :<i class="klbth-icon-plus"></i>
21:32:27.668 [main] INFO  utils.Log - Called method <waitForElementToBeClickable> on element with locator :By.xpath: (//i[@class='klbth-icon-plus'])[1]
21:32:27.744 [main] INFO  utils.Log - called method <Click()> on element :<i class="klbth-icon-plus"></i>
21:32:27.786 [main] INFO  utils.Log - Called method <waitForElementToBeClickable> on element with locator :By.xpath: (//i[@class='klbth-icon-plus'])[1]
21:32:27.847 [main] INFO  utils.Log - called method <Click()> on element :<i class="klbth-icon-plus"></i>
21:32:27.870 [main] INFO  utils.Log - Called method <waitForElementToBeClickable> on element with locator :By.xpath: (//i[@class='klbth-icon-plus'])[1]
21:32:27.935 [main] INFO  utils.Log - called method <Click()> on element :<i class="klbth-icon-plus"></i>
21:32:27.975 [main] INFO  utils.Log - Called method <waitForElementToBeClickable> on element with locator :By.cssSelector: button[name='add-to-cart']
21:32:28.229 [main] INFO  utils.Log - called method <Click()> on element :<button type="submit" name="add-to-cart" value="312" class="single_add_to_cart_button button alt">Add to cart</button>
21:32:29.565 [main] INFO  utils.Log - Called method <waitForElementToBeClickable> on element with locator :By.linkText: CART
21:32:30.095 [main] INFO  utils.Log - called method <Click()> on element :<a href="https://keyfood.ro/cart-2/">Cart</a>
21:32:31.247 [main] INFO  utils.Log - Called method <waitForElementToBeClickable> on element with locator :By.linkText: Proceed to checkout
21:32:31.408 [main] INFO  utils.Log - called method <Click()> on element :<a href="https://keyfood.ro/checkout-2/" class="checkout-button button alt wc-forward">
	Proceed to checkout</a>
21:32:32.507 [main] INFO  utils.Log - Called method <waitForElementToBeClickable> on element with locator :By.id: terms
21:32:32.609 [main] INFO  utils.Log - called method <Click()> on element :<input type="checkbox" class="woocommerce-form__input woocommerce-form__input-checkbox input-checkbox" name="terms" id="terms">
21:32:32.805 [main] INFO  utils.Log - Called method <waitForElementToBeClickable> on element with locator :By.id: terms
21:32:32.894 [main] INFO  utils.Log - called method <Click()> on element :<input type="checkbox" class="woocommerce-form__input woocommerce-form__input-checkbox input-checkbox" name="terms" id="terms">
21:32:33.039 [main] INFO  utils.Log - Called method <waitForElementToBeClickable> on element with locator :By.id: place_order
21:32:33.179 [main] INFO  utils.Log - called method <Click()> on element :<button type="submit" class="button alt" name="woocommerce_checkout_place_order" id="place_order" value="Place order" data-value="Place order">Place order</button>
