15:37:10.812 [TestNG-tests-2] INFO  utils.Log - Called method <waitForElementToBeClickable> on element with locator :By.linkText: My account
15:37:11.123 [TestNG-tests-2] INFO  utils.Log - called method <Click()> on element :null
15:37:11.591 [TestNG-tests-2] INFO  utils.Log - Called method <waitForElementToBeVisible> on element with locator :By.id: username
15:37:11.683 [TestNG-tests-2] INFO  utils.Log - called clear on method <sendkeys> on element null
15:37:11.713 [TestNG-tests-2] INFO  utils.Log - called sendkeys on method <sendkeys> on element null
15:37:11.745 [TestNG-tests-2] INFO  utils.Log - Called method <waitForElementToBeVisible> on element with locator :By.id: password
15:37:11.810 [TestNG-tests-2] INFO  utils.Log - called clear on method <sendkeys> on element null
15:37:11.832 [TestNG-tests-2] INFO  utils.Log - called sendkeys on method <sendkeys> on element null
15:37:11.852 [TestNG-tests-2] INFO  utils.Log - Called method <waitForElementToBeClickable> on element with locator :By.cssSelector: button[name='login']
15:37:11.934 [TestNG-tests-2] INFO  utils.Log - called method <Click()> on element :null
15:37:12.840 [TestNG-tests-2] INFO  utils.Log - Called method <waitForElementToBeClickable> on element with locator :By.linkText: Log out
15:37:13.033 [TestNG-tests-2] INFO  utils.Log - called method <Click()> on element :null
15:37:14.188 [TestNG-tests-2] INFO  utils.Log - Called method <waitForElementToBeClickable> on element with locator :By.linkText: My account
15:37:14.331 [TestNG-tests-2] INFO  utils.Log - called method <Click()> on element :null
15:37:14.918 [TestNG-tests-2] INFO  utils.Log - Called method <waitForElementToBeVisible> on element with locator :By.id: username
15:37:15.002 [TestNG-tests-2] INFO  utils.Log - called clear on method <sendkeys> on element null
15:37:15.031 [TestNG-tests-2] INFO  utils.Log - called sendkeys on method <sendkeys> on element null
15:37:15.061 [TestNG-tests-2] INFO  utils.Log - Called method <waitForElementToBeVisible> on element with locator :By.id: password
15:37:15.138 [TestNG-tests-2] INFO  utils.Log - called clear on method <sendkeys> on element null
15:37:15.177 [TestNG-tests-2] INFO  utils.Log - called sendkeys on method <sendkeys> on element null
15:37:15.201 [TestNG-tests-2] INFO  utils.Log - Called method <waitForElementToBeClickable> on element with locator :By.cssSelector: button[name='login']
15:37:15.311 [TestNG-tests-2] INFO  utils.Log - called method <Click()> on element :null
15:37:17.875 [TestNG-tests-1] INFO  utils.Log - Called method <waitForElementToBeClickable> on element with locator :By.linkText: My account
15:37:20.205 [TestNG-tests-1] INFO  utils.Log - called method <Click()> on element :null
15:37:21.768 [TestNG-tests-1] INFO  utils.Log - Called method <waitForElementToBeVisible> on element with locator :By.id: username
15:37:21.825 [TestNG-tests-1] INFO  utils.Log - called clear on method <sendkeys> on element null
15:37:21.877 [TestNG-tests-1] INFO  utils.Log - called sendkeys on method <sendkeys> on element null
15:37:22.117 [TestNG-tests-1] INFO  utils.Log - Called method <waitForElementToBeVisible> on element with locator :By.id: password
15:37:22.242 [TestNG-tests-1] INFO  utils.Log - called clear on method <sendkeys> on element null
15:37:22.316 [TestNG-tests-1] INFO  utils.Log - called sendkeys on method <sendkeys> on element null
15:37:22.390 [TestNG-tests-1] INFO  utils.Log - Called method <waitForElementToBeClickable> on element with locator :By.cssSelector: button[name='login']
15:37:22.478 [TestNG-tests-1] INFO  utils.Log - called method <Click()> on element :null
15:37:24.727 [TestNG-tests-1] INFO  utils.Log - Called method <waitForElementToBeClickable> on element with locator :By.linkText: Log out
15:37:24.952 [TestNG-tests-1] INFO  utils.Log - called method <Click()> on element :null
15:37:25.941 [TestNG-tests-1] INFO  utils.Log - Called method <waitForElementToBeClickable> on element with locator :By.linkText: My account
15:37:26.021 [TestNG-tests-1] INFO  utils.Log - called method <Click()> on element :null
15:37:26.684 [TestNG-tests-1] INFO  utils.Log - Called method <waitForElementToBeVisible> on element with locator :By.id: username
15:37:26.737 [TestNG-tests-1] INFO  utils.Log - called clear on method <sendkeys> on element null
15:37:26.770 [TestNG-tests-1] INFO  utils.Log - called sendkeys on method <sendkeys> on element null
15:37:26.804 [TestNG-tests-1] INFO  utils.Log - Called method <waitForElementToBeVisible> on element with locator :By.id: password
15:37:26.853 [TestNG-tests-1] INFO  utils.Log - called clear on method <sendkeys> on element null
15:37:26.893 [TestNG-tests-1] INFO  utils.Log - called sendkeys on method <sendkeys> on element null
15:37:26.955 [TestNG-tests-1] INFO  utils.Log - Called method <waitForElementToBeClickable> on element with locator :By.cssSelector: button[name='login']
15:37:27.032 [TestNG-tests-1] INFO  utils.Log - called method <Click()> on element :null
