19:23:03.785 [TestNG-tests-2] INFO  utils.Log - Called method <waitForElementToBeClickable> on element with locator :By.linkText: My account
19:23:04.118 [TestNG-tests-2] INFO  utils.Log - called method <Click()> on element :null
19:23:04.597 [TestNG-tests-2] INFO  utils.Log - Called method <waitForElementToBeVisible> on element with locator :By.id: username
19:23:04.717 [TestNG-tests-2] INFO  utils.Log - called clear on method <sendkeys> on element null
19:23:04.751 [TestNG-tests-2] INFO  utils.Log - called sendkeys on method <sendkeys> on element null
19:23:04.789 [TestNG-tests-2] INFO  utils.Log - Called method <waitForElementToBeVisible> on element with locator :By.id: password
19:23:04.858 [TestNG-tests-2] INFO  utils.Log - called clear on method <sendkeys> on element null
19:23:04.877 [TestNG-tests-2] INFO  utils.Log - called sendkeys on method <sendkeys> on element null
19:23:04.903 [TestNG-tests-2] INFO  utils.Log - Called method <waitForElementToBeClickable> on element with locator :By.cssSelector: button[name='login']
19:23:04.959 [TestNG-tests-2] INFO  utils.Log - called method <Click()> on element :null
19:23:05.714 [TestNG-tests-2] INFO  utils.Log - Called method <waitForElementToBeClickable> on element with locator :By.linkText: Log out
19:23:05.923 [TestNG-tests-2] INFO  utils.Log - called method <Click()> on element :null
19:23:07.005 [TestNG-tests-2] INFO  utils.Log - Called method <waitForElementToBeClickable> on element with locator :By.linkText: My account
19:23:07.164 [TestNG-tests-2] INFO  utils.Log - called method <Click()> on element :null
19:23:07.668 [TestNG-tests-2] INFO  utils.Log - Called method <waitForElementToBeVisible> on element with locator :By.id: username
19:23:07.764 [TestNG-tests-2] INFO  utils.Log - called clear on method <sendkeys> on element null
19:23:07.800 [TestNG-tests-2] INFO  utils.Log - called sendkeys on method <sendkeys> on element null
19:23:07.830 [TestNG-tests-2] INFO  utils.Log - Called method <waitForElementToBeVisible> on element with locator :By.id: password
19:23:07.896 [TestNG-tests-2] INFO  utils.Log - called clear on method <sendkeys> on element null
19:23:07.929 [TestNG-tests-2] INFO  utils.Log - called sendkeys on method <sendkeys> on element null
19:23:07.952 [TestNG-tests-2] INFO  utils.Log - Called method <waitForElementToBeClickable> on element with locator :By.cssSelector: button[name='login']
19:23:08.036 [TestNG-tests-2] INFO  utils.Log - called method <Click()> on element :null
19:23:11.192 [TestNG-tests-1] INFO  utils.Log - Called method <waitForElementToBeClickable> on element with locator :By.linkText: My account
19:23:13.703 [TestNG-tests-1] INFO  utils.Log - called method <Click()> on element :null
19:23:15.713 [TestNG-tests-1] INFO  utils.Log - Called method <waitForElementToBeVisible> on element with locator :By.id: username
19:23:15.798 [TestNG-tests-1] INFO  utils.Log - called clear on method <sendkeys> on element null
19:23:15.838 [TestNG-tests-1] INFO  utils.Log - called sendkeys on method <sendkeys> on element null
19:23:16.061 [TestNG-tests-1] INFO  utils.Log - Called method <waitForElementToBeVisible> on element with locator :By.id: password
19:23:16.115 [TestNG-tests-1] INFO  utils.Log - called clear on method <sendkeys> on element null
19:23:16.169 [TestNG-tests-1] INFO  utils.Log - called sendkeys on method <sendkeys> on element null
19:23:16.245 [TestNG-tests-1] INFO  utils.Log - Called method <waitForElementToBeClickable> on element with locator :By.cssSelector: button[name='login']
19:23:16.342 [TestNG-tests-1] INFO  utils.Log - called method <Click()> on element :null
19:23:18.480 [TestNG-tests-1] INFO  utils.Log - Called method <waitForElementToBeClickable> on element with locator :By.linkText: Log out
19:23:18.723 [TestNG-tests-1] INFO  utils.Log - called method <Click()> on element :null
19:23:19.686 [TestNG-tests-1] INFO  utils.Log - Called method <waitForElementToBeClickable> on element with locator :By.linkText: My account
19:23:19.778 [TestNG-tests-1] INFO  utils.Log - called method <Click()> on element :null
19:23:20.374 [TestNG-tests-1] INFO  utils.Log - Called method <waitForElementToBeVisible> on element with locator :By.id: username
19:23:20.446 [TestNG-tests-1] INFO  utils.Log - called clear on method <sendkeys> on element null
19:23:20.482 [TestNG-tests-1] INFO  utils.Log - called sendkeys on method <sendkeys> on element null
19:23:20.520 [TestNG-tests-1] INFO  utils.Log - Called method <waitForElementToBeVisible> on element with locator :By.id: password
19:23:20.562 [TestNG-tests-1] INFO  utils.Log - called clear on method <sendkeys> on element null
19:23:20.610 [TestNG-tests-1] INFO  utils.Log - called sendkeys on method <sendkeys> on element null
19:23:20.689 [TestNG-tests-1] INFO  utils.Log - Called method <waitForElementToBeClickable> on element with locator :By.cssSelector: button[name='login']
19:23:20.845 [TestNG-tests-1] INFO  utils.Log - called method <Click()> on element :null
